<?xml version="1.0" encoding="UTF-8"?>
<!-- Generated by org.testng.reporters.JUnitXMLReporter -->
<testsuite ignored="0" hostname="FFE-Manikantha-FFE119" failures="1" tests="3" name="SeleniumPractice" time="0.155" errors="0" timestamp="2024-08-10T13:02:12 IST">
  <testcase classname="Handelling_TestNG.DependsOnMethods" name="createCustomer" time="0.023">
    <failure type="java.lang.AssertionError" message="null">
      <![CDATA[java.lang.AssertionError: null
at Handelling_TestNG.DependsOnMethods.createCustomer(DependsOnMethods.java:11)
at java.base/java.util.ArrayList.forEach(ArrayList.java:1511)
at com.intellij.rt.testng.IDEARemoteTestNG.run(IDEARemoteTestNG.java:66)
at com.intellij.rt.testng.RemoteTestNGStarter.main(RemoteTestNGStarter.java:105)
... Removed 26 stack frames]]>
    </failure>
  </testcase> <!-- createCustomer -->
  <testcase classname="Handelling_TestNG.DependsOnMethods" name="modifyCustomer" time="0.001">
    <skipped/>
  </testcase> <!-- modifyCustomer -->
  <testcase classname="Handelling_TestNG.DependsOnMethods" name="deleteCustomer" time="0.001">
    <skipped/>
  </testcase> <!-- deleteCustomer -->
</testsuite> <!-- SeleniumPractice -->
